<?xml version="1.0" encoding="UTF-8"?>
<testsuite name="taxhelper.model.TransactionTest" tests="5" skipped="0" failures="0" errors="0" timestamp="2020-09-11T00:39:04" hostname="Marks-MacBook-Pro.local" time="0.003">
  <properties/>
  <testcase name="testParseMonth" classname="taxhelper.model.TransactionTest" time="0.001"/>
  <testcase name="testGetValue" classname="taxhelper.model.TransactionTest" time="0.0"/>
  <testcase name="testParseLabels" classname="taxhelper.model.TransactionTest" time="0.001"/>
  <testcase name="testParseYear" classname="taxhelper.model.TransactionTest" time="0.001"/>
  <testcase name="testParseDay" classname="taxhelper.model.TransactionTest" time="0.0"/>
  <system-out><![CDATA[Transaction(description=null, originalDescription=null, amount=100, transactionType=DEBIT, category=UNCATEGORIZED, accountName=null, labels=[TRADEWINDS, COPPER_RENTAL, EFFICIENT_SOFTWARE, QUESTIONABLE, HOME, TAXABLE_INCOME, CHARITY, PERSONAL], notes=null, year=2020, month=9, day=3, rawEntry=RawEntry(date=9/3/2020, description=null, originalDescription=null, amount=100, transactionType=debit, category=null, accountName=null, labels=Tradewinds Copper-Rental Efficient-Software Questionable? Home Taxable-Income Charity Personal, notes=null))
Transaction(description=null, originalDescription=null, amount=100, transactionType=DEBIT, category=UNCATEGORIZED, accountName=null, labels=[TRADEWINDS, COPPER_RENTAL, EFFICIENT_SOFTWARE, QUESTIONABLE, HOME, TAXABLE_INCOME, CHARITY, PERSONAL], notes=null, year=2020, month=9, day=3, rawEntry=RawEntry(date=9/3/2020, description=null, originalDescription=null, amount=100, transactionType=debit, category=null, accountName=null, labels=Tradewinds Copper-Rental Efficient-Software Questionable? Home Taxable-Income Charity Personal, notes=null))
[TRADEWINDS, COPPER_RENTAL, EFFICIENT_SOFTWARE, QUESTIONABLE, HOME, TAXABLE_INCOME, CHARITY, PERSONAL]
Transaction(description=null, originalDescription=null, amount=100, transactionType=DEBIT, category=UNCATEGORIZED, accountName=null, labels=[TRADEWINDS, COPPER_RENTAL, EFFICIENT_SOFTWARE, QUESTIONABLE, HOME, TAXABLE_INCOME, CHARITY, PERSONAL], notes=null, year=2020, month=9, day=3, rawEntry=RawEntry(date=9/3/2020, description=null, originalDescription=null, amount=100, transactionType=debit, category=null, accountName=null, labels=Tradewinds Copper-Rental Efficient-Software Questionable? Home Taxable-Income Charity Personal, notes=null))
Transaction(description=null, originalDescription=null, amount=100, transactionType=DEBIT, category=UNCATEGORIZED, accountName=null, labels=[TRADEWINDS, COPPER_RENTAL, EFFICIENT_SOFTWARE, QUESTIONABLE, HOME, TAXABLE_INCOME, CHARITY, PERSONAL], notes=null, year=2020, month=9, day=3, rawEntry=RawEntry(date=9/3/2020, description=null, originalDescription=null, amount=100, transactionType=debit, category=null, accountName=null, labels=Tradewinds Copper-Rental Efficient-Software Questionable? Home Taxable-Income Charity Personal, notes=null))
Transaction(description=null, originalDescription=null, amount=100, transactionType=DEBIT, category=UNCATEGORIZED, accountName=null, labels=[TRADEWINDS, COPPER_RENTAL, EFFICIENT_SOFTWARE, QUESTIONABLE, HOME, TAXABLE_INCOME, CHARITY, PERSONAL], notes=null, year=2020, month=9, day=3, rawEntry=RawEntry(date=9/3/2020, description=null, originalDescription=null, amount=100, transactionType=debit, category=null, accountName=null, labels=Tradewinds Copper-Rental Efficient-Software Questionable? Home Taxable-Income Charity Personal, notes=null))
]]></system-out>
  <system-err><![CDATA[]]></system-err>
</testsuite>
