<?xml version="1.0" encoding="UTF-8"?>
<testsuite name="taxhelper.categories.RentalCategoryTest" tests="1" skipped="0" failures="0" errors="0" timestamp="2020-09-11T00:39:04" hostname="Marks-MacBook-Pro.local" time="0.005">
  <properties/>
  <testcase name="testGetListByType" classname="taxhelper.categories.RentalCategoryTest" time="0.005"/>
  <system-out><![CDATA[RENTAL_COMMISSION
CLEANING_AND_MAINTENANCE
RENTAL_INSURANCE
RENTAL_MGMT_FEE
RENTAL_MTG_INTEREST
RENTAL_REPAIRS
RENTAL_TAXES
RENTAL_HOA
]]></system-out>
  <system-err><![CDATA[]]></system-err>
</testsuite>
