<?xml version="1.0" encoding="UTF-8"?>
<testsuite name="taxhelper.model.TransactionsTest" tests="1" skipped="0" failures="0" errors="0" timestamp="2020-09-11T00:39:04" hostname="Marks-MacBook-Pro.local" time="0.004">
  <properties/>
  <testcase name="testThatHaveThisLabel" classname="taxhelper.model.TransactionsTest" time="0.004"/>
  <system-out><![CDATA[Printing Transactions
Transaction count: 2
Transaction(description=null, originalDescription=null, amount=100, transactionType=DEBIT, category=UNCATEGORIZED, accountName=null, labels=[TRADEWINDS], notes=null, year=2020, month=11, day=11, rawEntry=RawEntry(date=11/11/2020, description=null, originalDescription=null, amount=100, transactionType=debit, category=null, accountName=null, labels=Tradewinds, notes=null))
Transaction(description=null, originalDescription=null, amount=100, transactionType=DEBIT, category=UNCATEGORIZED, accountName=null, labels=[COPPER_RENTAL], notes=null, year=2020, month=11, day=11, rawEntry=RawEntry(date=11/11/2020, description=null, originalDescription=null, amount=100, transactionType=debit, category=null, accountName=null, labels=Copper-Rental, notes=null))
Printing Transactions
Transaction count: 1
Transaction(description=null, originalDescription=null, amount=100, transactionType=DEBIT, category=UNCATEGORIZED, accountName=null, labels=[TRADEWINDS], notes=null, year=2020, month=11, day=11, rawEntry=RawEntry(date=11/11/2020, description=null, originalDescription=null, amount=100, transactionType=debit, category=null, accountName=null, labels=Tradewinds, notes=null))
]]></system-out>
  <system-err><![CDATA[]]></system-err>
</testsuite>
